<?xml version="1.0" encoding="UTF-8"?>
<testng-results ignored="0" total="2" passed="2" failed="0" skipped="0">
  <reporter-output>
  </reporter-output>
  <suite started-at="2024-07-25T17:19:00 IST" name="Default suite" finished-at="2024-07-25T17:19:00 IST" duration-ms="58">
    <groups>
    </groups>
    <test started-at="2024-07-25T17:19:00 IST" name="Default test" finished-at="2024-07-25T17:19:00 IST" duration-ms="58">
      <class name="javaPractices.TestNg">
        <test-method signature="a()[pri:0, instance:javaPractices.TestNg@6631f5ca]" started-at="2024-07-25T17:19:00 IST" name="a" finished-at="2024-07-25T17:19:00 IST" duration-ms="11" status="PASS">
          <reporter-output>
          </reporter-output>
        </test-method> <!-- a -->
        <test-method signature="b()[pri:0, instance:javaPractices.TestNg@6631f5ca]" started-at="2024-07-25T17:19:00 IST" name="b" finished-at="2024-07-25T17:19:00 IST" depends-on-methods="javaPractices.TestNg.a" duration-ms="1" status="PASS">
          <reporter-output>
          </reporter-output>
        </test-method> <!-- b -->
      </class> <!-- javaPractices.TestNg -->
    </test> <!-- Default test -->
  </suite> <!-- Default suite -->
</testng-results>
