<?xml version="1.0" encoding="UTF-8"?>
<!-- Generated by org.testng.reporters.JUnitXMLReporter -->
<testsuite ignored="0" hostname="UKDELB39-222" failures="0" tests="8" name="Default test" time="9.104" errors="0" timestamp="2024-09-24T13:47:12 IST">
  <testcase classname="pack1.ResponsiveTest" name="responsiveLayout" time="0.593"/>
  <testcase classname="pack1.ResponsiveTest" name="responsiveLayout" time="0.515"/>
  <testcase classname="pack1.ResponsiveTest" name="responsiveLayout" time="0.516"/>
  <testcase classname="pack1.ResponsiveTest" name="responsiveLayout" time="0.655"/>
  <testcase classname="pack1.ResponsiveTest" name="responsiveLayout" time="0.37"/>
  <testcase classname="pack1.ResponsiveTest" name="responsiveLayout" time="0.662"/>
  <testcase classname="pack1.ResponsiveTest" name="responsiveLayout" time="0.691"/>
  <testcase classname="pack1.ResponsiveTest" name="responsiveLayout" time="0.729"/>
</testsuite> <!-- Default test -->
