<?xml version="1.0" encoding="UTF-8"?>
<testng-results ignored="0" total="1" passed="1" failed="0" skipped="0">
  <reporter-output>
  </reporter-output>
  <suite started-at="2024-07-15T17:08:08 IST" name="Default suite" finished-at="2024-07-15T17:08:14 IST" duration-ms="6137">
    <groups>
    </groups>
    <test started-at="2024-07-15T17:08:08 IST" name="Default test" finished-at="2024-07-15T17:08:14 IST" duration-ms="6137">
      <class name="FacebookLogin.Fblogin1">
        <test-method is-config="true" signature="beforeTest()[pri:0, instance:FacebookLogin.Fblogin1@7e7be63f]" started-at="2024-07-15T17:08:08 IST" name="beforeTest" finished-at="2024-07-15T17:08:08 IST" duration-ms="8" status="PASS">
          <reporter-output>
          </reporter-output>
        </test-method> <!-- beforeTest -->
        <test-method signature="LogintoFB()[pri:0, instance:FacebookLogin.Fblogin1@7e7be63f]" started-at="2024-07-15T17:08:08 IST" name="LogintoFB" finished-at="2024-07-15T17:08:14 IST" duration-ms="6097" status="PASS">
          <reporter-output>
          </reporter-output>
        </test-method> <!-- LogintoFB -->
        <test-method is-config="true" signature="afterTest()[pri:0, instance:FacebookLogin.Fblogin1@7e7be63f]" started-at="2024-07-15T17:08:14 IST" name="afterTest" finished-at="2024-07-15T17:08:14 IST" duration-ms="0" status="PASS">
          <reporter-output>
          </reporter-output>
        </test-method> <!-- afterTest -->
      </class> <!-- FacebookLogin.Fblogin1 -->
    </test> <!-- Default test -->
  </suite> <!-- Default suite -->
</testng-results>
