<?xml version="1.0" encoding="UTF-8"?>
<testng-results ignored="0" total="8" passed="8" failed="0" skipped="0">
  <reporter-output>
  </reporter-output>
  <suite started-at="2024-09-24T13:47:02 IST" name="Default suite" finished-at="2024-09-24T13:47:11 IST" duration-ms="9104">
    <groups>
    </groups>
    <test started-at="2024-09-24T13:47:02 IST" name="Default test" finished-at="2024-09-24T13:47:11 IST" duration-ms="9104">
      <class name="pack1.ResponsiveTest">
        <test-method is-config="true" signature="OpenBrowser()[pri:0, instance:pack1.ResponsiveTest@2d52216b]" started-at="2024-09-24T13:47:02 IST" name="OpenBrowser" finished-at="2024-09-24T13:47:07 IST" duration-ms="4154" status="PASS">
          <reporter-output>
          </reporter-output>
        </test-method> <!-- OpenBrowser -->
        <test-method signature="responsiveLayout(int,int,java.lang.String)[pri:0, instance:pack1.ResponsiveTest@2d52216b]" started-at="2024-09-24T13:47:07 IST" name="responsiveLayout" data-provider="deviceSizes" finished-at="2024-09-24T13:47:07 IST" duration-ms="593" status="PASS">
          <params>
            <param index="0">
              <value>
                <![CDATA[360]]>
              </value>
            </param>
            <param index="1">
              <value>
                <![CDATA[640]]>
              </value>
            </param>
            <param index="2">
              <value>
                <![CDATA[Mobile Portrait]]>
              </value>
            </param>
          </params>
          <reporter-output>
          </reporter-output>
        </test-method> <!-- responsiveLayout -->
        <test-method signature="responsiveLayout(int,int,java.lang.String)[pri:0, instance:pack1.ResponsiveTest@2d52216b]" started-at="2024-09-24T13:47:07 IST" name="responsiveLayout" data-provider="deviceSizes" finished-at="2024-09-24T13:47:08 IST" duration-ms="515" status="PASS">
          <params>
            <param index="0">
              <value>
                <![CDATA[375]]>
              </value>
            </param>
            <param index="1">
              <value>
                <![CDATA[812]]>
              </value>
            </param>
            <param index="2">
              <value>
                <![CDATA[iPhone X]]>
              </value>
            </param>
          </params>
          <reporter-output>
          </reporter-output>
        </test-method> <!-- responsiveLayout -->
        <test-method signature="responsiveLayout(int,int,java.lang.String)[pri:0, instance:pack1.ResponsiveTest@2d52216b]" started-at="2024-09-24T13:47:08 IST" name="responsiveLayout" data-provider="deviceSizes" finished-at="2024-09-24T13:47:08 IST" duration-ms="516" status="PASS">
          <params>
            <param index="0">
              <value>
                <![CDATA[412]]>
              </value>
            </param>
            <param index="1">
              <value>
                <![CDATA[869]]>
              </value>
            </param>
            <param index="2">
              <value>
                <![CDATA[Galaxy Note 10]]>
              </value>
            </param>
          </params>
          <reporter-output>
          </reporter-output>
        </test-method> <!-- responsiveLayout -->
        <test-method signature="responsiveLayout(int,int,java.lang.String)[pri:0, instance:pack1.ResponsiveTest@2d52216b]" started-at="2024-09-24T13:47:08 IST" name="responsiveLayout" data-provider="deviceSizes" finished-at="2024-09-24T13:47:09 IST" duration-ms="655" status="PASS">
          <params>
            <param index="0">
              <value>
                <![CDATA[768]]>
              </value>
            </param>
            <param index="1">
              <value>
                <![CDATA[1024]]>
              </value>
            </param>
            <param index="2">
              <value>
                <![CDATA[iPad Mini]]>
              </value>
            </param>
          </params>
          <reporter-output>
          </reporter-output>
        </test-method> <!-- responsiveLayout -->
        <test-method signature="responsiveLayout(int,int,java.lang.String)[pri:0, instance:pack1.ResponsiveTest@2d52216b]" started-at="2024-09-24T13:47:09 IST" name="responsiveLayout" data-provider="deviceSizes" finished-at="2024-09-24T13:47:09 IST" duration-ms="370" status="PASS">
          <params>
            <param index="0">
              <value>
                <![CDATA[1024]]>
              </value>
            </param>
            <param index="1">
              <value>
                <![CDATA[768]]>
              </value>
            </param>
            <param index="2">
              <value>
                <![CDATA[Tablet Landscape]]>
              </value>
            </param>
          </params>
          <reporter-output>
          </reporter-output>
        </test-method> <!-- responsiveLayout -->
        <test-method signature="responsiveLayout(int,int,java.lang.String)[pri:0, instance:pack1.ResponsiveTest@2d52216b]" started-at="2024-09-24T13:47:09 IST" name="responsiveLayout" data-provider="deviceSizes" finished-at="2024-09-24T13:47:10 IST" duration-ms="662" status="PASS">
          <params>
            <param index="0">
              <value>
                <![CDATA[1024]]>
              </value>
            </param>
            <param index="1">
              <value>
                <![CDATA[1366]]>
              </value>
            </param>
            <param index="2">
              <value>
                <![CDATA[iPad Mini]]>
              </value>
            </param>
          </params>
          <reporter-output>
          </reporter-output>
        </test-method> <!-- responsiveLayout -->
        <test-method signature="responsiveLayout(int,int,java.lang.String)[pri:0, instance:pack1.ResponsiveTest@2d52216b]" started-at="2024-09-24T13:47:10 IST" name="responsiveLayout" data-provider="deviceSizes" finished-at="2024-09-24T13:47:11 IST" duration-ms="691" status="PASS">
          <params>
            <param index="0">
              <value>
                <![CDATA[1366]]>
              </value>
            </param>
            <param index="1">
              <value>
                <![CDATA[768]]>
              </value>
            </param>
            <param index="2">
              <value>
                <![CDATA[Desktop]]>
              </value>
            </param>
          </params>
          <reporter-output>
          </reporter-output>
        </test-method> <!-- responsiveLayout -->
        <test-method signature="responsiveLayout(int,int,java.lang.String)[pri:0, instance:pack1.ResponsiveTest@2d52216b]" started-at="2024-09-24T13:47:11 IST" name="responsiveLayout" data-provider="deviceSizes" finished-at="2024-09-24T13:47:11 IST" duration-ms="729" status="PASS">
          <params>
            <param index="0">
              <value>
                <![CDATA[1920]]>
              </value>
            </param>
            <param index="1">
              <value>
                <![CDATA[1080]]>
              </value>
            </param>
            <param index="2">
              <value>
                <![CDATA[Large Desktop]]>
              </value>
            </param>
          </params>
          <reporter-output>
          </reporter-output>
        </test-method> <!-- responsiveLayout -->
        <test-method is-config="true" signature="close()[pri:0, instance:pack1.ResponsiveTest@2d52216b]" started-at="2024-09-24T13:47:11 IST" name="close" finished-at="2024-09-24T13:47:11 IST" duration-ms="174" status="PASS">
          <reporter-output>
          </reporter-output>
        </test-method> <!-- close -->
      </class> <!-- pack1.ResponsiveTest -->
    </test> <!-- Default test -->
  </suite> <!-- Default suite -->
</testng-results>
